/*C15*/SET SCHEMA PUBLIC
INSERT INTO CONTACT VALUES(233,'test','',NULL,'',NULL)
COMMIT
INSERT INTO CONTACT VALUES(234,'test12','',NULL,'',NULL)
COMMIT
INSERT INTO CONTACT VALUES(235,'dsfasd','',NULL,'',NULL)
COMMIT
INSERT INTO CONTACT VALUES(236,'sdfeee','',NULL,'',NULL)
COMMIT
INSERT INTO CONTACT VALUES(237,'dsfe333','',NULL,'',NULL)
COMMIT
DELETE FROM CONTACT WHERE ID=237
COMMIT
DELETE FROM CONTACT WHERE ID=236
COMMIT
DELETE FROM CONTACT WHERE ID=233
COMMIT
DELETE FROM CONTACT WHERE ID=234
COMMIT
DELETE FROM CONTACT WHERE ID=235
COMMIT
INSERT INTO CONTACT VALUES(238,'asdfasf','',NULL,'',NULL)
COMMIT
/*C14*/SET SCHEMA PUBLIC
DISCONNECT
/*C11*/SET SCHEMA PUBLIC
DISCONNECT
/*C12*/SET SCHEMA PUBLIC
DISCONNECT
/*C13*/SET SCHEMA PUBLIC
DISCONNECT
/*C19*/SET SCHEMA PUBLIC
INSERT INTO CONTACT VALUES(239,'eefdsdf','',NULL,'',NULL)
COMMIT
INSERT INTO CONTACT VALUES(240,'ssdfsd','',NULL,'',NULL)
COMMIT
/*C15*/DISCONNECT
/*C18*/SET SCHEMA PUBLIC
DISCONNECT
/*C17*/SET SCHEMA PUBLIC
DISCONNECT
/*C16*/SET SCHEMA PUBLIC
DISCONNECT
/*C19*/DISCONNECT
/*C20*/SET SCHEMA PUBLIC
DISCONNECT
/*C22*/SET SCHEMA PUBLIC
DISCONNECT
/*C23*/SET SCHEMA PUBLIC
DISCONNECT
/*C21*/SET SCHEMA PUBLIC
DISCONNECT
/*C24*/SET SCHEMA PUBLIC
DISCONNECT
/*C25*/SET SCHEMA PUBLIC
DISCONNECT
/*C30*/SET SCHEMA PUBLIC
INSERT INTO CONTACT VALUES(241,'asferti1`lju','lkjlk','jlk','j','2015-01-20')
COMMIT
DELETE FROM CONTACT WHERE ID=239
COMMIT
/*C27*/SET SCHEMA PUBLIC
DISCONNECT
/*C28*/SET SCHEMA PUBLIC
DISCONNECT
/*C26*/SET SCHEMA PUBLIC
DISCONNECT
/*C29*/SET SCHEMA PUBLIC
DISCONNECT
/*C30*/DISCONNECT
